1694596073076	geckodriver	INFO	Listening on 127.0.0.1:52521
1694596076083	mozrunner::runner	INFO	Running command: "C:\\Program Files\\Mozilla Firefox\\firefox.exe" "--marionette" "--remote-debugging-port" "52522" "--remote-allow-hosts" "localhost" "-no-remote" "-profile" "C:\\Users\\Lenovo\\AppData\\Local\\Temp\\rust_mozprofilekt1Oao"
console.warn: services.settings: Ignoring preference override of remote settings server
console.warn: services.settings: Allow by setting MOZ_REMOTE_SETTINGS_DEVTOOLS=1 in the environment
1694596078424	Marionette	INFO	Marionette enabled
Dynamically enable window occlusion 0
1694596078558	Marionette	INFO	Listening on port 52533
Read port: 52533
WebDriver BiDi listening on ws://127.0.0.1:52522
1694596078880	RemoteAgent	WARN	TLS certificate errors will be ignored for this session
1694596086009	Marionette	INFO	Stopped listening on port 52533
Dynamically enable window occlusion 1
1694596086063	CDP	WARN	Failed to remove undefined (Could not parse path (undefined): NS_ERROR_FILE_UNRECOGNIZED_PATH)
1694596105067	geckodriver	INFO	Listening on 127.0.0.1:52558
1694596108103	mozrunner::runner	INFO	Running command: "C:\\Program Files\\Mozilla Firefox\\firefox.exe" "--marionette" "--remote-debugging-port" "52559" "--remote-allow-hosts" "localhost" "-no-remote" "-profile" "C:\\Users\\Lenovo\\AppData\\Local\\Temp\\rust_mozprofile5H16C8"
console.warn: services.settings: Ignoring preference override of remote settings server
console.warn: services.settings: Allow by setting MOZ_REMOTE_SETTINGS_DEVTOOLS=1 in the environment
1694596108817	Marionette	INFO	Marionette enabled
Dynamically enable window occlusion 0
1694596109006	Marionette	INFO	Listening on port 52567
WebDriver BiDi listening on ws://127.0.0.1:52559
Read port: 52567
1694596109795	RemoteAgent	WARN	TLS certificate errors will be ignored for this session
JavaScript error: resource://activity-stream/lib/PlacesFeed.jsm, line 190: NS_ERROR_FAILURE: Component returned failure code: 0x80004005 (NS_ERROR_FAILURE) [nsIObserverService.removeObserver]
1694596114112	Marionette	INFO	Stopped listening on port 52567
Dynamically enable window occlusion 1
1694596114139	CDP	WARN	Failed to remove undefined (Could not parse path (undefined): NS_ERROR_FILE_UNRECOGNIZED_PATH)
console.error: "Failed to fetch https://spocs.getpocket.com/user:" "NetworkError when attempting to fetch resource."
console.warn: TopSitesFeed: Failed to fetch data from Contile server: NetworkError when attempting to fetch resource.
1698378845871	geckodriver	INFO	Listening on 127.0.0.1:58185
1698378848918	mozrunner::runner	INFO	Running command: "C:\\Program Files\\Mozilla Firefox\\firefox.exe" "--marionette" "--remote-debugging-port" "58186" "--remote-allow-hosts" "localhost" "-no-remote" "-profile" "C:\\Users\\Lenovo\\AppData\\Local\\Temp\\rust_mozprofile2ThcnN"
console.warn: services.settings: Ignoring preference override of remote settings server
console.warn: services.settings: Allow by setting MOZ_REMOTE_SETTINGS_DEVTOOLS=1 in the environment
1698378850356	Marionette	INFO	Marionette enabled
Dynamically enable window occlusion 0
1698378850490	Marionette	INFO	Listening on port 58197
WebDriver BiDi listening on ws://127.0.0.1:58186
Read port: 58197
1698378850852	RemoteAgent	WARN	TLS certificate errors will be ignored for this session
DevTools listening on ws://127.0.0.1:58186/devtools/browser/8fe5c5e7-3b55-47a5-874d-4428a0cff9eb
1698378855101	Marionette	WARN	Ignoring event 'pageshow' because document has an invalid readyState of 'uninitialized'.
1698378875218	Marionette	INFO	Stopped listening on port 58197
Dynamically enable window occlusion 1
1703148641166	geckodriver	INFO	Listening on 127.0.0.1:63267
1703148644067	mozrunner::runner	INFO	Running command: "C:\\Program Files\\Mozilla Firefox\\firefox.exe" "--marionette" "--remote-debugging-port" "63268" "--remote-allow-hosts" "localhost" "-no-remote" "-profile" "C:\\Users\\Lenovo\\AppData\\Local\\Temp\\rust_mozprofilem3O2lz"
console.warn: services.settings: Ignoring preference override of remote settings server
console.warn: services.settings: Allow by setting MOZ_REMOTE_SETTINGS_DEVTOOLS=1 in the environment
1703148645840	Marionette	INFO	Marionette enabled
Dynamically enable window occlusion 0
1703148645990	Marionette	INFO	Listening on port 63276
WebDriver BiDi listening on ws://127.0.0.1:63268
Read port: 63276
1703148646367	RemoteAgent	WARN	TLS certificate errors will be ignored for this session
DevTools listening on ws://127.0.0.1:63268/devtools/browser/6a00aca4-d0a5-4f27-a764-2678d8b191dc
JavaScript warning: https://static.xx.fbcdn.net/rsrc.php/v3i_Ou4/yA/l/en_GB/D3XrCjdXtFY.js?_nc_x=Ij3Wp8lg5Kz, line 19: WEBGL_debug_renderer_info is deprecated in Firefox and will be removed. Please use RENDERER.
1703148678113	addons.xpi	ERROR	System addon update list error SyntaxError: XMLHttpRequest.open: 'http://%(server)s/dummy-system-addons.xml' is not a valid URL.
console.error: services.settings: 
  main/search-config-v2 Signature failed  InvalidSignatureError: Invalid content signature (main/search-config-v2) using 'remote-settings.content-signature.mozilla.org-2024-01-19-16-42-21.chain'
console.error: services.settings: 
  main/search-config-v2 local data was corrupted
console.warn: services.settings: main/search-config-v2 Signature verified failed. Retry from scratch
1703148798665	Marionette	INFO	Stopped listening on port 63276
Dynamically enable window occlusion 1
